<?xml version="1.0" encoding="UTF-8"?>
<!-- Generated by org.testng.reporters.JUnitXMLReporter -->
<testsuite ignored="0" hostname="LAPTOP-5RMN0OT4" failures="0" tests="3" name="Default test" time="18.088" errors="0" timestamp="2026-09-04T16:57:50 IST">
  <testcase classname="testcases.Icicipru" name="validateHomePageTitle" time="7.825"/>
  <testcase classname="testcases.Icicipru" name="validateTermInsuranceMenu" time="1.302"/>
  <testcase classname="testcases.Icicipru" name="validateLogin" time="4.928"/>
</testsuite> <!-- Default test -->
