<?xml version="1.0" encoding="UTF-8"?>
<!-- Generated by org.testng.reporters.JUnitXMLReporter -->
<testsuite ignored="0" hostname="LAPTOP-5RMN0OT4" failures="0" tests="3" name="ChomeTest" time="22.844" errors="0" timestamp="2026-09-04T17:25:13 IST">
  <testcase classname="testcases.Icicipru" name="validateHomePageTitle" time="0.148"/>
  <testcase classname="testcases.Icicipru" name="validateTermInsuranceMenu" time="1.444"/>
  <testcase classname="testcases.Icicipru" name="validateLogin" time="7.965"/>
</testsuite> <!-- ChomeTest -->
