<?xml version="1.0" encoding="UTF-8"?>
<!-- Generated by org.testng.reporters.JUnitXMLReporter -->
<testsuite ignored="0" hostname="LAPTOP-5RMN0OT4" failures="0" tests="3" name="EdgeTest" time="19.746" errors="0" timestamp="2026-09-04T17:25:10 IST">
  <testcase classname="testcases.Icicipru" name="validateHomePageTitle" time="0.089"/>
  <testcase classname="testcases.Icicipru" name="validateTermInsuranceMenu" time="2.33"/>
  <testcase classname="testcases.Icicipru" name="validateLogin" time="4.841"/>
</testsuite> <!-- EdgeTest -->
