<?xml version="1.0" encoding="UTF-8"?>
<!-- Generated by org.testng.reporters.JUnitXMLReporter -->
<testsuite ignored="0" hostname="LAPTOP-5RMN0OT4" failures="0" tests="3" name="Test" time="41.48" errors="0" timestamp="2026-09-04T17:18:44 IST">
  <testcase classname="testcases.Icicipru" name="validateHomePageTitle" time="0.054"/>
  <testcase classname="testcases.Icicipru" name="validateTermInsuranceMenu" time="1.29"/>
  <testcase classname="testcases.Icicipru" name="validateLogin" time="4.995"/>
</testsuite> <!-- Test -->
