<?xml version="1.0" encoding="UTF-8"?>
<testng-results ignored="0" total="6" passed="6" failed="0" skipped="0">
  <reporter-output>
  </reporter-output>
  <suite started-at="2026-09-04T17:24:50 IST" name="Suite" finished-at="2026-09-04T17:25:13 IST" duration-ms="22844">
    <groups>
    </groups>
    <test started-at="2026-09-04T17:24:50 IST" name="EdgeTest" finished-at="2026-09-04T17:25:10 IST" duration-ms="19746">
      <class name="testcases.Icicipru">
        <test-method is-config="true" signature="browserSetUp(java.lang.String)[pri:0, instance:testcases.Icicipru@5e5d171f]" started-at="2026-09-04T17:24:50 IST" name="browserSetUp" finished-at="2026-09-04T17:25:01 IST" duration-ms="11169" status="PASS">
          <params>
            <param index="0">
              <value>
                <![CDATA[edge]]>
              </value>
            </param>
          </params>
          <reporter-output>
          </reporter-output>
        </test-method> <!-- browserSetUp -->
        <test-method signature="validateHomePageTitle()[pri:1, instance:testcases.Icicipru@5e5d171f]" started-at="2026-09-04T17:25:01 IST" name="validateHomePageTitle" finished-at="2026-09-04T17:25:01 IST" duration-ms="89" status="PASS">
          <reporter-output>
          </reporter-output>
        </test-method> <!-- validateHomePageTitle -->
        <test-method signature="validateTermInsuranceMenu()[pri:2, instance:testcases.Icicipru@5e5d171f]" started-at="2026-09-04T17:25:01 IST" name="validateTermInsuranceMenu" finished-at="2026-09-04T17:25:04 IST" duration-ms="2330" status="PASS">
          <reporter-output>
          </reporter-output>
        </test-method> <!-- validateTermInsuranceMenu -->
        <test-method signature="validateLogin()[pri:3, instance:testcases.Icicipru@5e5d171f]" started-at="2026-09-04T17:25:04 IST" name="validateLogin" finished-at="2026-09-04T17:25:08 IST" duration-ms="4841" status="PASS">
          <reporter-output>
          </reporter-output>
        </test-method> <!-- validateLogin -->
        <test-method is-config="true" signature="tearDown()[pri:0, instance:testcases.Icicipru@5e5d171f]" started-at="2026-09-04T17:25:08 IST" name="tearDown" finished-at="2026-09-04T17:25:10 IST" duration-ms="1206" status="PASS">
          <reporter-output>
          </reporter-output>
        </test-method> <!-- tearDown -->
      </class> <!-- testcases.Icicipru -->
    </test> <!-- EdgeTest -->
    <test started-at="2026-09-04T17:24:50 IST" name="ChomeTest" finished-at="2026-09-04T17:25:13 IST" duration-ms="22844">
      <class name="testcases.Icicipru">
        <test-method is-config="true" signature="browserSetUp(java.lang.String)[pri:0, instance:testcases.Icicipru@3b69e7d1]" started-at="2026-09-04T17:24:50 IST" name="browserSetUp" finished-at="2026-09-04T17:25:03 IST" duration-ms="12755" status="PASS">
          <params>
            <param index="0">
              <value>
                <![CDATA[chrome]]>
              </value>
            </param>
          </params>
          <reporter-output>
          </reporter-output>
        </test-method> <!-- browserSetUp -->
        <test-method signature="validateHomePageTitle()[pri:1, instance:testcases.Icicipru@3b69e7d1]" started-at="2026-09-04T17:25:03 IST" name="validateHomePageTitle" finished-at="2026-09-04T17:25:03 IST" duration-ms="148" status="PASS">
          <reporter-output>
          </reporter-output>
        </test-method> <!-- validateHomePageTitle -->
        <test-method signature="validateTermInsuranceMenu()[pri:2, instance:testcases.Icicipru@3b69e7d1]" started-at="2026-09-04T17:25:03 IST" name="validateTermInsuranceMenu" finished-at="2026-09-04T17:25:04 IST" duration-ms="1444" status="PASS">
          <reporter-output>
          </reporter-output>
        </test-method> <!-- validateTermInsuranceMenu -->
        <test-method signature="validateLogin()[pri:3, instance:testcases.Icicipru@3b69e7d1]" started-at="2026-09-04T17:25:04 IST" name="validateLogin" finished-at="2026-09-04T17:25:12 IST" duration-ms="7965" status="PASS">
          <reporter-output>
          </reporter-output>
        </test-method> <!-- validateLogin -->
        <test-method is-config="true" signature="tearDown()[pri:0, instance:testcases.Icicipru@3b69e7d1]" started-at="2026-09-04T17:25:12 IST" name="tearDown" finished-at="2026-09-04T17:25:13 IST" duration-ms="468" status="PASS">
          <reporter-output>
          </reporter-output>
        </test-method> <!-- tearDown -->
      </class> <!-- testcases.Icicipru -->
    </test> <!-- ChomeTest -->
  </suite> <!-- Suite -->
</testng-results>
