<?xml version="1.0" encoding="UTF-8"?>
<!-- Generated by org.testng.reporters.JUnitReportReporter -->
<testsuite hostname="LAPTOP-5RMN0OT4" failures="0" tests="6" name="testcases.Icicipru" time="16.817" errors="0" timestamp="2026-09-04T17:25:13 IST" skipped="0">
  <testcase classname="testcases.Icicipru" name="validateHomePageTitle" time="0.148"/>
  <testcase classname="testcases.Icicipru" name="validateHomePageTitle" time="0.089"/>
  <testcase classname="testcases.Icicipru" name="validateTermInsuranceMenu" time="2.330"/>
  <testcase classname="testcases.Icicipru" name="validateTermInsuranceMenu" time="1.444"/>
  <testcase classname="testcases.Icicipru" name="validateLogin" time="7.965"/>
  <testcase classname="testcases.Icicipru" name="validateLogin" time="4.841"/>
</testsuite> <!-- testcases.Icicipru -->
